C:\ALI\CDAQ\CINTERFACE_OK1_EXTENDED\CINTERFACE\INTERFACE\DEBUG\INTERFACE.EXE
C:\ALI\CDAQ\CINTERFACE_OK1_EXTENDED\CINTERFACE\INTERFACE\DEBUG\INTERFACE.ILK
C:\ALI\CDAQ\CINTERFACE_OK1_EXTENDED\CINTERFACE\INTERFACE\DEBUG\INTERFACE.PDB
C:\ALI\CDAQ\CINTERFACE_OK1_EXTENDED\CINTERFACE\INTERFACE\INTERFACE\DEBUG\AMTILIB.OBJ
C:\Ali\cdaq\cinterface_ok1_extended\cInterface\Interface\Interface\Debug\cl.command.1.tlog
C:\Ali\cdaq\cinterface_ok1_extended\cInterface\Interface\Interface\Debug\CL.read.1.tlog
C:\Ali\cdaq\cinterface_ok1_extended\cInterface\Interface\Interface\Debug\CL.write.1.tlog
C:\ALI\CDAQ\CINTERFACE_OK1_EXTENDED\CINTERFACE\INTERFACE\INTERFACE\DEBUG\INTERFACE.EXE.EMBED.MANIFEST
C:\ALI\CDAQ\CINTERFACE_OK1_EXTENDED\CINTERFACE\INTERFACE\INTERFACE\DEBUG\INTERFACE.EXE.EMBED.MANIFEST.RES
C:\ALI\CDAQ\CINTERFACE_OK1_EXTENDED\CINTERFACE\INTERFACE\INTERFACE\DEBUG\INTERFACE.EXE.INTERMEDIATE.MANIFEST
C:\Ali\cdaq\cinterface_ok1_extended\cInterface\Interface\Interface\Debug\Interface.write.1.tlog
C:\Ali\cdaq\cinterface_ok1_extended\cInterface\Interface\Interface\Debug\Interface_manifest.rc
C:\Ali\cdaq\cinterface_ok1_extended\cInterface\Interface\Interface\Debug\link.4220.read.1.tlog
C:\Ali\cdaq\cinterface_ok1_extended\cInterface\Interface\Interface\Debug\link.4220.write.1.tlog
C:\Ali\cdaq\cinterface_ok1_extended\cInterface\Interface\Interface\Debug\link.4220-cvtres.read.1.tlog
C:\Ali\cdaq\cinterface_ok1_extended\cInterface\Interface\Interface\Debug\link.4220-cvtres.write.1.tlog
C:\Ali\cdaq\cinterface_ok1_extended\cInterface\Interface\Interface\Debug\link.command.1.tlog
C:\Ali\cdaq\cinterface_ok1_extended\cInterface\Interface\Interface\Debug\link.read.1.tlog
C:\Ali\cdaq\cinterface_ok1_extended\cInterface\Interface\Interface\Debug\link.write.1.tlog
C:\Ali\cdaq\cinterface_ok1_extended\cInterface\Interface\Interface\Debug\link-cvtres.read.1.tlog
C:\Ali\cdaq\cinterface_ok1_extended\cInterface\Interface\Interface\Debug\link-cvtres.write.1.tlog
C:\ALI\CDAQ\CINTERFACE_OK1_EXTENDED\CINTERFACE\INTERFACE\INTERFACE\DEBUG\MAIN.OBJ
C:\Ali\cdaq\cinterface_ok1_extended\cInterface\Interface\Interface\Debug\mt.command.1.tlog
C:\Ali\cdaq\cinterface_ok1_extended\cInterface\Interface\Interface\Debug\mt.read.1.tlog
C:\Ali\cdaq\cinterface_ok1_extended\cInterface\Interface\Interface\Debug\mt.write.1.tlog
C:\ALI\CDAQ\CINTERFACE_OK1_EXTENDED\CINTERFACE\INTERFACE\INTERFACE\DEBUG\PLOTBAR.OBJ
C:\ALI\CDAQ\CINTERFACE_OK1_EXTENDED\CINTERFACE\INTERFACE\INTERFACE\DEBUG\PLOTWAVES.OBJ
C:\Ali\cdaq\cinterface_ok1_extended\cInterface\Interface\Interface\Debug\rc.command.1.tlog
C:\Ali\cdaq\cinterface_ok1_extended\cInterface\Interface\Interface\Debug\rc.read.1.tlog
C:\Ali\cdaq\cinterface_ok1_extended\cInterface\Interface\Interface\Debug\rc.write.1.tlog
C:\ALI\CDAQ\CINTERFACE_OK1_EXTENDED\CINTERFACE\INTERFACE\INTERFACE\DEBUG\SENSORBUFFER.OBJ
C:\ALI\CDAQ\CINTERFACE_OK1_EXTENDED\CINTERFACE\INTERFACE\INTERFACE\DEBUG\TABLE.OBJ
C:\ALI\CDAQ\CINTERFACE_OK1_EXTENDED\CINTERFACE\INTERFACE\INTERFACE\DEBUG\TIMER.OBJ
C:\Ali\cdaq\cinterface_ok1_extended\cInterface\Interface\Interface\Debug\vc100.idb
C:\ALI\CDAQ\CINTERFACE_OK1_EXTENDED\CINTERFACE\INTERFACE\INTERFACE\DEBUG\VC100.PDB
